<?xml version="1.0" encoding="UTF-8"?>
<!-- Generated by org.testng.reporters.JUnitReportReporter -->
<testsuite skipped="0" hostname="Microsoft-PC" name="com.tcs.tests.AnnotationsTest" tests="1" failures="0" timestamp="2022-06-05T19:31:43 IST" time="0.014" errors="0">
  <testcase name="testMethod1" time="0.014" classname="com.tcs.tests.AnnotationsTest"/>
</testsuite> <!-- com.tcs.tests.AnnotationsTest -->
