<?xml version="1.0" encoding="UTF-8"?>
<!-- Generated by org.testng.reporters.JUnitReportReporter -->
<testsuite skipped="0" hostname="Microsoft-PC" name="com.tcs.tests.AnnotationTest2" tests="1" failures="0" timestamp="2022-06-05T19:31:43 IST" time="0.004" errors="0">
  <testcase name="testMethod2" time="0.004" classname="com.tcs.tests.AnnotationTest2"/>
</testsuite> <!-- com.tcs.tests.AnnotationTest2 -->
