<?xml version="1.0" encoding="UTF-8"?>
<!-- Generated by org.testng.reporters.JUnitReportReporter -->
<testsuite skipped="0" hostname="Microsoft-PC" name="com.tcs.tests.SearchTestUsingTestNG" tests="4" failures="0" timestamp="2022-06-01T03:47:47 IST" time="103.280" errors="0">
  <testcase name="bb" time="13.171" classname="com.tcs.tests.SearchTestUsingTestNG"/>
  <testcase name="a" time="17.769" classname="com.tcs.tests.SearchTestUsingTestNG"/>
  <testcase name="testTwo" time="52.828" classname="com.tcs.tests.SearchTestUsingTestNG"/>
  <testcase name="testOne" time="19.512" classname="com.tcs.tests.SearchTestUsingTestNG"/>
</testsuite> <!-- com.tcs.tests.SearchTestUsingTestNG -->
