<?xml version="1.0" encoding="UTF-8"?>
<!-- Generated by org.testng.reporters.JUnitReportReporter -->
<testsuite skipped="0" hostname="Microsoft-PC" name="com.tcs.tests.AnnotationTest2" tests="2" failures="0" timestamp="2022-06-03T01:08:22 IST" time="0.008" errors="0">
  <testcase name="TestMethod2" time="0.004" classname="com.tcs.tests.AnnotationTest2"/>
  <testcase name="TestMethod1" time="0.004" classname="com.tcs.tests.AnnotationTest2"/>
</testsuite> <!-- com.tcs.tests.AnnotationTest2 -->
